/home/valmzztt/micromamba/envs/mypenny/lib/python3.12/site-packages/pennylane/__init__.py:212: PennyLaneDeprecationWarning: PennyLane v0.44 has dropped maintainence support for NumPy < 2.0.0. You have version 1.26.4 installed. Future versions of PennyLane will not work with NumPy<2.0. Please consider upgrading NumPy using `python -m pip install numpy --upgrade`. 
  warnings.warn(
Starting VQE with 35 parameters...
Traceback (most recent call last):
  File "/home/valmzztt/qc-batteries/TiO2/TiO2_pyscf_kb.py", line 89, in <module>
    print(f"Initial Energy: {circuit(theta):.8f} Ha")
                             ^^^^^^^^^^^^^^
  File "/home/valmzztt/micromamba/envs/mypenny/lib/python3.12/site-packages/pennylane/workflow/qnode.py", line 863, in __call__
    return self._impl_call(*args, **kwargs)
           ^^^^^^^^^^^^^^^^^^^^^^^^^^^^^^^^
  File "/home/valmzztt/micromamba/envs/mypenny/lib/python3.12/site-packages/pennylane/workflow/qnode.py", line 831, in _impl_call
    tape = self.construct(args, kwargs)
           ^^^^^^^^^^^^^^^^^^^^^^^^^^^^
  File "/home/valmzztt/micromamba/envs/mypenny/lib/python3.12/site-packages/pennylane/logging/decorators.py", line 61, in wrapper_entry
    return func(*args, **kwargs)
           ^^^^^^^^^^^^^^^^^^^^^
  File "/home/valmzztt/micromamba/envs/mypenny/lib/python3.12/site-packages/pennylane/workflow/qnode.py", line 818, in construct
    self._qfunc_output = self.func(*args, **kwargs)
                         ^^^^^^^^^^^^^^^^^^^^^^^^^^
  File "/home/valmzztt/qc-batteries/TiO2/TiO2_pyscf_kb.py", line 77, in circuit
    qml.CommutingEvolution(1j * op, params[i])
  File "/home/valmzztt/micromamba/envs/mypenny/lib/python3.12/site-packages/pennylane/capture/capture_meta.py", line 30, in new_f
    return f(*args, **kwargs)
           ^^^^^^^^^^^^^^^^^^
  File "/home/valmzztt/micromamba/envs/mypenny/lib/python3.12/site-packages/pennylane/capture/capture_meta.py", line 97, in __call__
    return type.__call__(cls, *args, **kwargs)
           ^^^^^^^^^^^^^^^^^^^^^^^^^^^^^^^^^^^
  File "/home/valmzztt/micromamba/envs/mypenny/lib/python3.12/site-packages/pennylane/templates/subroutines/time_evolution/commuting_evolution.py", line 147, in __init__
    trainable_hamiltonian = any(math.requires_grad(d) for d in hamiltonian.data)
                                                               ^^^^^^^^^^^^^^^^
AttributeError: 'PauliSentence' object has no attribute 'data'
